<?xml version="1.0" encoding="UTF-8"?>
<testsuite xmlns:xsi="http://www.w3.org/2001/XMLSchema-instance" xsi:noNamespaceSchemaLocation="https://maven.apache.org/surefire/maven-surefire-plugin/xsd/surefire-test-report.xsd" version="3.0.1" name="com.mycompany.app.AppTest" time="0.725" tests="31" errors="0" skipped="0" failures="0">
  <properties>
[...]
</properties>
  <testcase name="testGame12EvaluateWin" classname="com.mycompany.app.AppTest" time="0.045"/>
  <testcase name="testGame14EvaluateDraw" classname="com.mycompany.app.AppTest" time="0.003"/>
  <testcase name="testPanel26Creation" classname="com.mycompany.app.AppTest" time="0.165"/>
  <testcase name="testGame13EvaluateLoss" classname="com.mycompany.app.AppTest" time="0.002"/>
  <testcase name="testPlayer01Creation" classname="com.mycompany.app.AppTest" time="0.005"/>
  <testcase name="testUtility20PrintCharBoard" classname="com.mycompany.app.AppTest" time="0.01">
    <system-out><![CDATA[
X-O-X- - - - - - -
]]></system-out>
  </testcase>
  <testcase name="testUtility22PrintArrayList" classname="com.mycompany.app.AppTest" time="0.004">
    <system-out><![CDATA[
1-3-5-
]]></system-out>
  </testcase>
  <testcase name="testGame19Initialization" classname="com.mycompany.app.AppTest" time="0.005"/>
  <testcase name="testGame16MaxMoveWin" classname="com.mycompany.app.AppTest" time="0.003"/>
  <testcase name="testGame18MaxMove" classname="com.mycompany.app.AppTest" time="0.018"/>
  <testcase name="testPanel28ActionPerformed" classname="com.mycompany.app.AppTest" time="0.095">
    <system-out><![CDATA[
minimax:   2(-100) 
minimax:   3(-100) 
minimax:   4(-100) 
minimax:   5(0) 
minimax:   6(-100) 
minimax:   7(-100) 
minimax:   8(-100) 
minimax:   9(-100) 
minimax best:   5(0) Steps counted: 31972]]></system-out>
  </testcase>
  <testcase name="testUtility21PrintIntBoard" classname="com.mycompany.app.AppTest" time="0.003">
    <system-out><![CDATA[
1-2-3-4-5-6-7-8-9-
]]></system-out>
  </testcase>
  <testcase name="testGame05CheckWinVerticalO" classname="com.mycompany.app.AppTest" time="0.002"/>
  <testcase name="testCell23Creation" classname="com.mycompany.app.AppTest" time="0.005"/>
  <testcase name="testPlayer02Defaults" classname="com.mycompany.app.AppTest" time="0.003"/>
  <testcase name="testCell24SetMarker" classname="com.mycompany.app.AppTest" time="0.003"/>
  <testcase name="testGame04CheckWinHorizontalX" classname="com.mycompany.app.AppTest" time="0.002"/>
  <testcase name="testGame09GenerateMovesEmpty" classname="com.mycompany.app.AppTest" time="0.002"/>
  <testcase name="testGame15MiniMaxBlockWin" classname="com.mycompany.app.AppTest" time="0.005">
    <system-out><![CDATA[
minimax:   3(0) 
minimax:   4(-100) 
minimax:   6(-100) 
minimax:   7(-100) 
minimax:   8(-100) 
minimax:   9(-100) 
minimax best:   3(0) Steps counted: 477]]></system-out>
  </testcase>
  <testcase name="testCell25GetRowColNum" classname="com.mycompany.app.AppTest" time="0.002"/>
  <testcase name="testGame08CheckPlaying" classname="com.mycompany.app.AppTest" time="0.002"/>
  <testcase name="testGame06CheckWinDiagonalX" classname="com.mycompany.app.AppTest" time="0.003"/>
  <testcase name="testGame07CheckDraw" classname="com.mycompany.app.AppTest" time="0.002"/>
  <testcase name="testApp32Main" classname="com.mycompany.app.AppTest" time="0.003">
    <system-out><![CDATA[Hello World!
]]></system-out>
  </testcase>
  <testcase name="testState03Values" classname="com.mycompany.app.AppTest" time="0.002"/>
  <testcase name="testApp31Exists" classname="com.mycompany.app.AppTest" time="0.001"/>
  <testcase name="testProgram30Main" classname="com.mycompany.app.AppTest" time="0.103"/>
  <testcase name="testGame11GenerateMovesFull" classname="com.mycompany.app.AppTest" time="0.002"/>
  <testcase name="testGame17MinMove" classname="com.mycompany.app.AppTest" time="0.002"/>
  <testcase name="testPanel29AIResponse" classname="com.mycompany.app.AppTest" time="0.132">
    <system-out><![CDATA[
minimax:   2(-100) 
minimax:   3(-100) 
minimax:   4(-100) 
minimax:   5(0) 
minimax:   6(-100) 
minimax:   7(-100) 
minimax:   8(-100) 
minimax:   9(-100) 
minimax best:   5(0) Steps counted: 31972]]></system-out>
  </testcase>
  <testcase name="testGame10GenerateMovesPartial" classname="com.mycompany.app.AppTest" time="0.002"/>
</testsuite>