<?xml version="1.0" encoding="UTF-8"?>
<testsuite xmlns:xsi="http://www.w3.org/2001/XMLSchema-instance" xsi:noNamespaceSchemaLocation="https://maven.apache.org/surefire/maven-surefire-plugin/xsd/surefire-test-report.xsd" version="3.0.1" name="com.mycompany.app.AppTest" time="0.47" tests="18" errors="0" skipped="0" failures="0">
  <properties>
[...]
</properties>
  <testcase name="testTicTacToeCellClick" classname="com.mycompany.app.AppTest" time="0.352">
    <system-out><![CDATA[
minimax:   2(-100) 
minimax:   3(-100) 
minimax:   4(-100) 
minimax:   5(0) 
minimax:   6(-100) 
minimax:   7(-100) 
minimax:   8(-100) 
minimax:   9(-100) 
minimax best:   5(0) Steps counted: 31972]]></system-out>
  </testcase>
  <testcase name="testStatePlayingOFirst" classname="com.mycompany.app.AppTest" time="0.003"/>
  <testcase name="testPrintChar" classname="com.mycompany.app.AppTest" time="0.005">
    <system-out><![CDATA[
X-O-X-X-O-X-X-O-X-
]]></system-out>
  </testcase>
  <testcase name="testStatePlayingXFirst" classname="com.mycompany.app.AppTest" time="0.002"/>
  <testcase name="testTicTacToePanelCreate" classname="com.mycompany.app.AppTest" time="0.003"/>
  <testcase name="testPrintArray" classname="com.mycompany.app.AppTest" time="0.002">
    <system-out><![CDATA[
1-3-5-
]]></system-out>
  </testcase>
  <testcase name="testInitPlayer" classname="com.mycompany.app.AppTest" time="0.002"/>
  <testcase name="testState01WinX" classname="com.mycompany.app.AppTest" time="0.001"/>
  <testcase name="testState02WinO" classname="com.mycompany.app.AppTest" time="0.002"/>
  <testcase name="testState03WinO" classname="com.mycompany.app.AppTest" time="0.002"/>
  <testcase name="testState04WinO" classname="com.mycompany.app.AppTest" time="0.001"/>
  <testcase name="testState05WinO" classname="com.mycompany.app.AppTest" time="0.002"/>
  <testcase name="testState06WinO" classname="com.mycompany.app.AppTest" time="0.001"/>
  <testcase name="testPrintInt" classname="com.mycompany.app.AppTest" time="0.003">
    <system-out><![CDATA[
1-2-3-4-5-6-7-8-9-
]]></system-out>
  </testcase>
  <testcase name="testTicTacToeCellCreating" classname="com.mycompany.app.AppTest" time="0.002"/>
  <testcase name="testMinMaxAlgorithm" classname="com.mycompany.app.AppTest" time="0.005">
    <system-out><![CDATA[
minimax:   2(-100) 
minimax:   3(0) 
minimax:   4(-100) 
minimax:   6(-100) 
minimax:   7(0) 
minimax:   8(-100) 
minimax best:   3(0) Steps counted: 636]]></system-out>
  </testcase>
  <testcase name="testGenerateMovesFromXFirst" classname="com.mycompany.app.AppTest" time="0.003"/>
  <testcase name="testGenerateMovesFromEmpty" classname="com.mycompany.app.AppTest" time="0.003"/>
</testsuite>